0 info it worked if it ends with ok
1 verbose cli [ 'D:\\node-5.3.0\\node.exe',
1 verbose cli   'D:\\node-5.3.0\\node_modules\\npm\\bin\\npm-cli.js',
1 verbose cli   'run',
1 verbose cli   'start' ]
2 info using npm@3.3.12
3 info using node@v5.3.0
4 verbose run-script [ 'prestart', 'start', 'poststart' ]
5 info lifecycle question1@1.0.0~prestart: question1@1.0.0
6 silly lifecycle question1@1.0.0~prestart: no script for prestart, continuing
7 info lifecycle question1@1.0.0~start: question1@1.0.0
8 verbose lifecycle question1@1.0.0~start: unsafe-perm in lifecycle true
9 verbose lifecycle question1@1.0.0~start: PATH: D:\node-5.3.0\node_modules\npm\bin\node-gyp-bin;F:\practice\evaluation\node_modules\.bin;C:\Users\霍亚斌\AppData\Roaming\npm;D:\node-5.3.0\;C:\Program Files (x86)\AMD APP\bin\x86_64;C:\Program Files (x86)\AMD APP\bin\x86;C:\Windows\system32;C:\Windows;C:\Windows\System32\Wbem;C:\Windows\System32\WindowsPowerShell\v1.0\;C:\Program Files (x86)\ATI Technologies\ATI.ACE\Core-Static;D:\node-5.3.0\;D:\Git\cmd;D:\Ruby23-x64\bin;F:\AppServ\Apache2.2\bin;F:\AppServ\php5;F:\AppServ\MySQL\bin;C:\Users\霍亚斌\AppData\Roaming\npm
10 verbose lifecycle question1@1.0.0~start: CWD: F:\practice\evaluation
11 silly lifecycle question1@1.0.0~start: Args: [ '/d /s /c', 'webpack -d --watch' ]
12 silly lifecycle question1@1.0.0~start: Returned: code: 1  signal: null
13 info lifecycle question1@1.0.0~start: Failed to exec start script
14 verbose stack Error: question1@1.0.0 start: `webpack -d --watch`
14 verbose stack Exit status 1
14 verbose stack     at EventEmitter.<anonymous> (D:\node-5.3.0\node_modules\npm\lib\utils\lifecycle.js:232:16)
14 verbose stack     at emitTwo (events.js:87:13)
14 verbose stack     at EventEmitter.emit (events.js:172:7)
14 verbose stack     at ChildProcess.<anonymous> (D:\node-5.3.0\node_modules\npm\lib\utils\spawn.js:24:14)
14 verbose stack     at emitTwo (events.js:87:13)
14 verbose stack     at ChildProcess.emit (events.js:172:7)
14 verbose stack     at maybeClose (internal/child_process.js:818:16)
14 verbose stack     at Process.ChildProcess._handle.onexit (internal/child_process.js:211:5)
15 verbose pkgid question1@1.0.0
16 verbose cwd F:\practice\evaluation
17 error Windows_NT 6.1.7600
18 error argv "D:\\node-5.3.0\\node.exe" "D:\\node-5.3.0\\node_modules\\npm\\bin\\npm-cli.js" "run" "start"
19 error node v5.3.0
20 error npm  v3.3.12
21 error code ELIFECYCLE
22 error question1@1.0.0 start: `webpack -d --watch`
22 error Exit status 1
23 error Failed at the question1@1.0.0 start script 'webpack -d --watch'.
23 error Make sure you have the latest version of node.js and npm installed.
23 error If you do, this is most likely a problem with the question1 package,
23 error not with npm itself.
23 error Tell the author that this fails on your system:
23 error     webpack -d --watch
23 error You can get their info via:
23 error     npm owner ls question1
23 error There is likely additional logging output above.
24 verbose exit [ 1, true ]
